Arguments: 
  C:\Program Files\nodejs\node.exe C:\Program Files (x86)\Yarn\bin\yarn.js add cros

PATH: 
  C:\Users\a.badris\AppData\Local\Programs\Git\mingw64\bin;C:\Users\a.badris\AppData\Local\Programs\Git\usr\bin;C:\Users\a.badris\bin;C:\Program Files (x86)\Common Files\Oracle\Java\javapath;C:\Windows\system32;C:\Windows;C:\Windows\System32\Wbem;C:\Windows\System32\WindowsPowerShell\v1.0;C:\Windows\system32\config\systemprofile\.dnx\bin;C:\Program Files\Microsoft DNX\Dnvm;C:\Program Files\Microsoft SQL Server\120\Tools\Binn;C:\Program Files (x86)\Microsoft SQL Server\100\Tools\Binn;C:\Program Files\Microsoft SQL Server\100\Tools\Binn;C:\Program Files\Microsoft SQL Server\100\DTS\Binn;C:\Program Files (x86)\Microsoft SQL Server\100\Tools\Binn\VSShell\Common7\IDE;C:\Program Files (x86)\Microsoft Visual Studio 9.0\Common7\IDE\PrivateAssemblies;C:\Program Files (x86)\Microsoft SQL Server\100\DTS\Binn;C:\Program Files\Microsoft\Web Platform Installer;C:\Program Files (x86)\Microsoft ASP.NET\ASP.NET Web Pages\v1.0;C:\Program Files\Microsoft SQL Server\110\Tools\Binn;C:\Program Files\dotnet;C:\Program Files (x86)\Yarn\bin;C:\Program Files\nodejs;C:\Users\a.badris\AppData\Local\Programs\Microsoft VS Code\bin;C:\Users\a.badris\AppData\Local\Yarn\bin;C:\Users\a.badris\AppData\Roaming\npm

Yarn version: 
  1.10.1

Node version: 
  10.15.3

Platform: 
  win32 x64

Trace: 
  Error: https://registry.npmjs.org/cros: Not found
      at Request.params.callback [as _callback] (C:\Program Files (x86)\Yarn\lib\cli.js:60182:18)
      at Request.self.callback (C:\Program Files (x86)\Yarn\lib\cli.js:120166:22)
      at Request.emit (events.js:189:13)
      at Request.<anonymous> (C:\Program Files (x86)\Yarn\lib\cli.js:121138:10)
      at Request.emit (events.js:189:13)
      at IncomingMessage.<anonymous> (C:\Program Files (x86)\Yarn\lib\cli.js:121060:12)
      at Object.onceWrapper (events.js:277:13)
      at IncomingMessage.emit (events.js:194:15)
      at endReadableNT (_stream_readable.js:1125:12)
      at process._tickCallback (internal/process/next_tick.js:63:19)

npm manifest: 
  {
      "name": "auth",
      "version": "0.0.0",
      "private": true,
      "main": "index.js",
      "scripts": {
          "start": "node index.js"
      },
      "dependencies": {
          "bcryptjs": "^2.4.3",
          "body-parser": "^1.18.3",
          "cookie-parser": "^1.4.4",
          "express": "^4.16.4",
          "jsonwebtoken": "^8.5.1",
          "lodash": "^4.17.11",
          "mongoose": "^5.4.19",
          "morgan": "^1.9.1",
          "passport": "^0.4.0",
          "passport-jwt": "^4.0.0",
          "serve-favicon": "^2.5.0"
      }
  }

yarn manifest: 
  No manifest

Lockfile: 
  No lockfile
